<component name="libraryTable">
  <library name="junit.platform.console" type="repository">
    <properties maven-id="org.junit.platform:junit-platform-console:1.8.0-M1" />
    <CLASSES>
      <root url="jar://$PROJECT_DIR$/.idea/lib/junit-platform-console-1.8.0-M1.jar!/" />
      <root url="jar://$PROJECT_DIR$/.idea/lib/apiguardian-api-1.1.1.jar!/" />
      <root url="jar://$PROJECT_DIR$/.idea/lib/junit-platform-reporting-1.8.0-M1.jar!/" />
      <root url="jar://$PROJECT_DIR$/.idea/lib/junit-platform-launcher-1.8.0-M1.jar!/" />
      <root url="jar://$PROJECT_DIR$/.idea/lib/junit-platform-engine-1.8.0-M1.jar!/" />
      <root url="jar://$PROJECT_DIR$/.idea/lib/opentest4j-1.2.0.jar!/" />
      <root url="jar://$PROJECT_DIR$/.idea/lib/junit-platform-commons-1.8.0-M1.jar!/" />
    </CLASSES>
    <JAVADOC />
    <SOURCES />
  </library>
</component>